<?xml version="1.0" encoding="UTF-8"?>
<!-- Generated by org.testng.reporters.JUnitXMLReporter -->
<testsuite ignored="13" hostname="DESKTOP-OD4QQKM" failures="0" tests="2" name="Default test" time="3.481" errors="0" timestamp="2024-02-02T17:52:31 IST">
  <testcase classname="red.Assured" name="UnSuccessFullRegister" time="2.884"/>
  <testcase classname="red.Assured" name="delete" time="0.543"/>
  <testcase classname="red.Assured" name="UnsuccessfulLogin" time="0.0">
    <ignored/>
  </testcase> <!-- UnsuccessfulLogin -->
  <testcase classname="red.Assured" name="singleRessourse" time="0.0">
    <ignored/>
  </testcase> <!-- singleRessourse -->
  <testcase classname="red.Assured" name="Delete" time="0.0">
    <ignored/>
  </testcase> <!-- Delete -->
  <testcase classname="red.Assured" name="singleUserNotFound" time="0.0">
    <ignored/>
  </testcase> <!-- singleUserNotFound -->
  <testcase classname="red.Assured" name="ListUsers" time="0.0">
    <ignored/>
  </testcase> <!-- ListUsers -->
  <testcase classname="red.Assured" name="singleUser" time="0.0">
    <ignored/>
  </testcase> <!-- singleUser -->
  <testcase classname="red.Assured" name="loginSuccessFul" time="0.0">
    <ignored/>
  </testcase> <!-- loginSuccessFul -->
  <testcase classname="red.Assured" name="listuser" time="0.0">
    <ignored/>
  </testcase> <!-- listuser -->
  <testcase classname="red.Assured" name="Register" time="0.0">
    <ignored/>
  </testcase> <!-- Register -->
  <testcase classname="red.Assured" name="SingleUser" time="0.0">
    <ignored/>
  </testcase> <!-- SingleUser -->
  <testcase classname="red.Assured" name="setup" time="0.0">
    <ignored/>
  </testcase> <!-- setup -->
  <testcase classname="red.Assured" name="create" time="0.0">
    <ignored/>
  </testcase> <!-- create -->
  <testcase classname="red.Assured" name="listResourse" time="0.0">
    <ignored/>
  </testcase> <!-- listResourse -->
</testsuite> <!-- Default test -->
