<?xml version="1.0" encoding="UTF-8"?>
<testng-results ignored="13" total="15" passed="2" failed="0" skipped="0">
  <reporter-output>
  </reporter-output>
  <suite started-at="2024-02-02T17:52:28 IST" name="Default suite" finished-at="2024-02-02T17:52:31 IST" duration-ms="3481">
    <groups>
    </groups>
    <test started-at="2024-02-02T17:52:28 IST" name="Default test" finished-at="2024-02-02T17:52:31 IST" duration-ms="3481">
      <class name="red.Assured">
        <test-method signature="UnSuccessFullRegister()[pri:0, instance:red.Assured@28eaa59a]" started-at="2024-02-02T17:52:28 IST" name="UnSuccessFullRegister" finished-at="2024-02-02T17:52:31 IST" duration-ms="2884" status="PASS">
          <reporter-output>
          </reporter-output>
        </test-method> <!-- UnSuccessFullRegister -->
        <test-method signature="delete()[pri:0, instance:red.Assured@28eaa59a]" started-at="2024-02-02T17:52:31 IST" name="delete" finished-at="2024-02-02T17:52:31 IST" duration-ms="543" status="PASS">
          <reporter-output>
          </reporter-output>
        </test-method> <!-- delete -->
      </class> <!-- red.Assured -->
    </test> <!-- Default test -->
  </suite> <!-- Default suite -->
</testng-results>
